============================================================
Program for calculation of partial differential equations.  
============================================================
(c) Dr. Thomas Ludwig, TU München.
    Thomas A. Zochler, TU München.
    Andreas C. Schmidt, TU München.
============================================================

Berechnungszeit:    3467.550435 s 
Speicherbedarf:     1026.251236 MiB
Berechnungsmethode: Jacobi
Interlines:         1024
Stoerfunktion:      f(x,y) = 2pi^2*sin(pi*x)sin(pi*y)
Terminierung:       Anzahl der Iterationen
Anzahl Iterationen: 16384
Norm des Fehlers:   7.330268e-08

Matrix:
 0.0000 0.0000 0.0000 0.0000 0.0000 0.0000 0.0000 0.0000 0.0000
 0.0000 0.0002 0.0003 0.0004 0.0005 0.0004 0.0003 0.0002 0.0000
 0.0000 0.0003 0.0006 0.0008 0.0008 0.0008 0.0006 0.0003 0.0000
 0.0000 0.0004 0.0008 0.0010 0.0011 0.0010 0.0008 0.0004 0.0000
 0.0000 0.0005 0.0008 0.0011 0.0012 0.0011 0.0008 0.0005 0.0000
 0.0000 0.0004 0.0008 0.0010 0.0011 0.0010 0.0008 0.0004 0.0000
 0.0000 0.0003 0.0006 0.0008 0.0008 0.0008 0.0006 0.0003 0.0000
 0.0000 0.0002 0.0003 0.0004 0.0005 0.0004 0.0003 0.0002 0.0000
 0.0000 0.0000 0.0000 0.0000 0.0000 0.0000 0.0000 0.0000 0.0000
